[1m[33m[33m▲ [43;33m[[43;30mWARNING[43;33m][0m [1mNG8113: RouterLink is not used within the template of SuscripcionesPlanesComponent[0m [1m[35m[plugin angular-compiler][0m

    src/app/pages/suscripciones-planes/suscripciones-planes.component.ts:12:26:
[37m      12 │   imports: [CommonModule, [32mRouterLink[37m, NavbarComponent],
         ╵                           [32m~~~~~~~~~~[0m

[39m[22m
[1m[33m[33m▲ [43;33m[[43;30mWARNING[43;33m][0m [1mNG8113: RouterLink is not used within the template of MiPlanComponent[0m [1m[35m[plugin angular-compiler][0m

    src/app/pages/mi-plan/mi-plan.component.ts:12:36:
[37m      12 │   imports: [CommonModule, DatePipe, [32mRouterLink[37m, NavbarComponent],
         ╵                                     [32m~~~~~~~~~~[0m


[33m▲ [43;33m[[43;30mWARNING[43;33m][0m [1mNG8113: RouterLink is not used within the template of SuscripcionesPlanesComponent[0m [1m[35m[plugin angular-compiler][0m

    src/app/pages/suscripciones-planes/suscripciones-planes.component.ts:12:26:
[37m      12 │   imports: [CommonModule, [32mRouterLink[37m, NavbarComponent],
         ╵                           [32m~~~~~~~~~~[0m

[39m[22m
[1m[33m[33m▲ [43;33m[[43;30mWARNING[43;33m][0m [1mNG8113: RouterLink is not used within the template of SuscripcionesPlanesComponent[0m [1m[35m[plugin angular-compiler][0m

    src/app/pages/suscripciones-planes/suscripciones-planes.component.ts:12:26:
[37m      12 │   imports: [CommonModule, [32mRouterLink[37m, NavbarComponent],
         ╵                           [32m~~~~~~~~~~[0m

[39m[22m
[1m[33m[33m▲ [43;33m[[43;30mWARNING[43;33m][0m [1mNG8113: RouterLink is not used within the template of SuscripcionesPlanesComponent[0m [1m[35m[plugin angular-compiler][0m

    src/app/pages/suscripciones-planes/suscripciones-planes.component.ts:12:26:
[37m      12 │   imports: [CommonModule, [32mRouterLink[37m, NavbarComponent],
         ╵                           [32m~~~~~~~~~~[0m

[39m[22m
[1m[33m[33m▲ [43;33m[[43;30mWARNING[43;33m][0m [1mNG8113: RouterLink is not used within the template of SuscripcionesPlanesComponent[0m [1m[35m[plugin angular-compiler][0m

    src/app/pages/suscripciones-planes/suscripciones-planes.component.ts:12:26:
[37m      12 │   imports: [CommonModule, [32mRouterLink[37m, NavbarComponent],
         ╵                           [32m~~~~~~~~~~[0m

[39m[22m
[1m[33m[33m▲ [43;33m[[43;30mWARNING[43;33m][0m [1mNG8113: RouterLink is not used within the template of SuscripcionesPlanesComponent[0m [1m[35m[plugin angular-compiler][0m

    src/app/pages/suscripciones-planes/suscripciones-planes.component.ts:12:26:
[37m      12 │   imports: [CommonModule, [32mRouterLink[37m, NavbarComponent],
         ╵                           [32m~~~~~~~~~~[0m

[39m[22m
[1m[33m[33m▲ [43;33m[[43;30mWARNING[43;33m][0m [1mNG8113: RouterLink is not used within the template of SuscripcionesPlanesComponent[0m [1m[35m[plugin angular-compiler][0m

    src/app/pages/suscripciones-planes/suscripciones-planes.component.ts:12:26:
[37m      12 │   imports: [CommonModule, [32mRouterLink[37m, NavbarComponent],
         ╵                           [32m~~~~~~~~~~[0m

[39m[22m
[1m[33m[33m▲ [43;33m[[43;30mWARNING[43;33m][0m [1mNG8113: RouterLink is not used within the template of SuscripcionesPlanesComponent[0m [1m[35m[plugin angular-compiler][0m

    src/app/pages/suscripciones-planes/suscripciones-planes.component.ts:12:26:
[37m      12 │   imports: [CommonModule, [32mRouterLink[37m, NavbarComponent],
         ╵                           [32m~~~~~~~~~~[0m

[39m[22m
[1m[31m[31mX [41;31m[[41;97mERROR[41;31m][0m [1mNG8002: Can't bind to 'routerLink' since it isn't a known property of 'a'.[0m [1m[35m[plugin angular-compiler][0m

    src/app/pages/suscripciones-admin/suscripciones-admin.component.html:93:43:
[37m      93 │ ...anage link" [32m[routerLink]="['/suscripciones/pagos']"[37m [queryParam...
         ╵                [32m~~~~~~~~~~~~~~~~~~~~~~~~~~~~~~~~~~~~~~~[0m

  Error occurs in the template of component SuscripcionesAdminComponent.

    src/app/pages/suscripciones-admin/suscripciones-admin.component.ts:21:15:
[37m      21 │   templateUrl: [32m'./suscripciones-admin.component.html'[37m,
         ╵                [32m~~~~~~~~~~~~~~~~~~~~~~~~~~~~~~~~~~~~~~[0m


[31mX [41;31m[[41;97mERROR[41;31m][0m [1mNG8002: Can't bind to 'queryParams' since it isn't a known property of 'a'.[0m [1m[35m[plugin angular-compiler][0m

    src/app/pages/suscripciones-admin/suscripciones-admin.component.html:93:83:
[37m      93 │ ...="['/suscripciones/pagos']" [32m[queryParams]="{ tenant: tenant.id }"[37m>
         ╵                                [32m~~~~~~~~~~~~~~~~~~~~~~~~~~~~~~~~~~~~~[0m

  Error occurs in the template of component SuscripcionesAdminComponent.

    src/app/pages/suscripciones-admin/suscripciones-admin.component.ts:21:15:
[37m      21 │   templateUrl: [32m'./suscripciones-admin.component.html'[37m,
         ╵                [32m~~~~~~~~~~~~~~~~~~~~~~~~~~~~~~~~~~~~~~[0m

[39m[22m
[1m[33m[33m▲ [43;33m[[43;30mWARNING[43;33m][0m [1mNG8113: RouterLink is not used within the template of SuscripcionesPlanesComponent[0m [1m[35m[plugin angular-compiler][0m

    src/app/pages/suscripciones-planes/suscripciones-planes.component.ts:12:26:
[37m      12 │   imports: [CommonModule, [32mRouterLink[37m, NavbarComponent],
         ╵                           [32m~~~~~~~~~~[0m

[39m[22m
[1m[33m[33m▲ [43;33m[[43;30mWARNING[43;33m][0m [1mNG8113: RouterLink is not used within the template of SuscripcionesPlanesComponent[0m [1m[35m[plugin angular-compiler][0m

    src/app/pages/suscripciones-planes/suscripciones-planes.component.ts:12:26:
[37m      12 │   imports: [CommonModule, [32mRouterLink[37m, NavbarComponent],
         ╵                           [32m~~~~~~~~~~[0m

[39m[22m
[1m[33m[33m▲ [43;33m[[43;30mWARNING[43;33m][0m [1mNG8113: RouterLink is not used within the template of SuscripcionesPlanesComponent[0m [1m[35m[plugin angular-compiler][0m

    src/app/pages/suscripciones-planes/suscripciones-planes.component.ts:12:26:
[37m      12 │   imports: [CommonModule, [32mRouterLink[37m, NavbarComponent],
         ╵                           [32m~~~~~~~~~~[0m

[39m[22m
